0 info it worked if it ends with ok
1 verbose cli [ '/usr/local/bin/node',
1 verbose cli   '/usr/local/bin/npm',
1 verbose cli   'install',
1 verbose cli   'webpack',
1 verbose cli   '-g' ]
2 info using npm@2.15.1
3 info using node@v4.4.4
4 verbose install initial load of /usr/local/lib/package.json
5 verbose readDependencies loading dependencies from /usr/local/lib/package.json
6 silly cache add args [ 'webpack', null ]
7 verbose cache add spec webpack
8 silly cache add parsed spec Result {
8 silly cache add   raw: 'webpack',
8 silly cache add   scope: null,
8 silly cache add   name: 'webpack',
8 silly cache add   rawSpec: '',
8 silly cache add   spec: 'latest',
8 silly cache add   type: 'tag' }
9 silly addNamed webpack@latest
10 verbose addNamed "latest" is being treated as a dist-tag for webpack
11 info addNameTag [ 'webpack', 'latest' ]
12 silly mapToRegistry name webpack
13 silly mapToRegistry using default registry
14 silly mapToRegistry registry https://registry.npmjs.org/
15 silly mapToRegistry data Result {
15 silly mapToRegistry   raw: 'webpack',
15 silly mapToRegistry   scope: null,
15 silly mapToRegistry   name: 'webpack',
15 silly mapToRegistry   rawSpec: '',
15 silly mapToRegistry   spec: 'latest',
15 silly mapToRegistry   type: 'tag' }
16 silly mapToRegistry uri https://registry.npmjs.org/webpack
17 verbose addNameTag registry:https://registry.npmjs.org/webpack not in flight; fetching
18 verbose request uri https://registry.npmjs.org/webpack
19 verbose request no auth needed
20 info attempt registry request try #1 at 10:33:23
21 verbose request id 8ac961f38915e2ed
22 http request GET https://registry.npmjs.org/webpack
23 http 200 https://registry.npmjs.org/webpack
24 verbose headers { server: 'nginx/1.10.1',
24 verbose headers   'content-type': 'application/json',
24 verbose headers   'last-modified': 'Fri, 17 Mar 2017 06:44:07 GMT',
24 verbose headers   etag: 'W/"58cb85b7-e4c6e"',
24 verbose headers   'content-encoding': 'gzip',
24 verbose headers   'cache-control': 'max-age=300',
24 verbose headers   'content-length': '48802',
24 verbose headers   'accept-ranges': 'bytes',
24 verbose headers   date: 'Sat, 18 Mar 2017 02:33:31 GMT',
24 verbose headers   via: '1.1 varnish',
24 verbose headers   age: '148',
24 verbose headers   connection: 'keep-alive',
24 verbose headers   'x-served-by': 'cache-hkg6823-HKG',
24 verbose headers   'x-cache': 'HIT',
24 verbose headers   'x-cache-hits': '1',
24 verbose headers   'x-timer': 'S1489804411.098770,VS0,VE0',
24 verbose headers   vary: 'Accept-Encoding' }
25 silly get cb [ 200,
25 silly get   { server: 'nginx/1.10.1',
25 silly get     'content-type': 'application/json',
25 silly get     'last-modified': 'Fri, 17 Mar 2017 06:44:07 GMT',
25 silly get     etag: 'W/"58cb85b7-e4c6e"',
25 silly get     'content-encoding': 'gzip',
25 silly get     'cache-control': 'max-age=300',
25 silly get     'content-length': '48802',
25 silly get     'accept-ranges': 'bytes',
25 silly get     date: 'Sat, 18 Mar 2017 02:33:31 GMT',
25 silly get     via: '1.1 varnish',
25 silly get     age: '148',
25 silly get     connection: 'keep-alive',
25 silly get     'x-served-by': 'cache-hkg6823-HKG',
25 silly get     'x-cache': 'HIT',
25 silly get     'x-cache-hits': '1',
25 silly get     'x-timer': 'S1489804411.098770,VS0,VE0',
25 silly get     vary: 'Accept-Encoding' } ]
26 verbose get saving webpack to /Users/daijinming/.npm/registry.npmjs.org/webpack/.cache.json
27 verbose correctMkdir /Users/daijinming/.npm correctMkdir not in flight; initializing
28 silly addNameTag next cb for webpack with tag latest
29 silly addNamed webpack@2.2.1
30 verbose addNamed "2.2.1" is a plain semver version for webpack
31 silly mapToRegistry name webpack
32 silly mapToRegistry using default registry
33 silly mapToRegistry registry https://registry.npmjs.org/
34 silly mapToRegistry data Result {
34 silly mapToRegistry   raw: 'webpack',
34 silly mapToRegistry   scope: null,
34 silly mapToRegistry   name: 'webpack',
34 silly mapToRegistry   rawSpec: '',
34 silly mapToRegistry   spec: 'latest',
34 silly mapToRegistry   type: 'tag' }
35 silly mapToRegistry uri https://registry.npmjs.org/webpack
36 verbose addRemoteTarball https://registry.npmjs.org/webpack/-/webpack-2.2.1.tgz not in flight; adding
37 verbose addRemoteTarball [ 'https://registry.npmjs.org/webpack/-/webpack-2.2.1.tgz',
37 verbose addRemoteTarball   '7bb1d72ae2087dd1a4af526afec15eed17dda475' ]
38 info retry fetch attempt 1 at 10:34:30
39 info attempt registry request try #1 at 10:34:30
40 http fetch GET https://registry.npmjs.org/webpack/-/webpack-2.2.1.tgz
41 info retry will retry, error on last attempt: Error: read ECONNRESET
42 info attempt registry request try #2 at 10:46:55
43 http fetch GET https://registry.npmjs.org/webpack/-/webpack-2.2.1.tgz
44 http fetch 200 https://registry.npmjs.org/webpack/-/webpack-2.2.1.tgz
45 silly fetchAndShaCheck shasum 7bb1d72ae2087dd1a4af526afec15eed17dda475
46 verbose addTmpTarball /var/folders/1h/c02k4rzx1wj2hvwk9j9hn_880000gn/T/npm-6753-5a7f0dec/registry.npmjs.org/webpack/-/webpack-2.2.1.tgz not in flight; adding
47 verbose addTmpTarball already have metadata; skipping unpack for webpack@2.2.1
48 verbose correctMkdir /Users/daijinming/.npm correctMkdir not in flight; initializing
49 silly cache afterAdd webpack@2.2.1
50 verbose afterAdd /Users/daijinming/.npm/webpack/2.2.1/package/package.json not in flight; writing
51 verbose correctMkdir /Users/daijinming/.npm correctMkdir not in flight; initializing
52 verbose afterAdd /Users/daijinming/.npm/webpack/2.2.1/package/package.json written
53 silly install resolved [ { name: 'webpack',
53 silly install resolved     version: '2.2.1',
53 silly install resolved     author: { name: 'Tobias Koppers @sokra' },
53 silly install resolved     description: 'Packs CommonJs/AMD modules for the browser. Allows to split your codebase into multiple bundles, which can be loaded on demand. Support loaders to preprocess files, i.e. json, jsx, es7, css, less, ... and your custom stuff.',
53 silly install resolved     dependencies:
53 silly install resolved      { acorn: '^4.0.4',
53 silly install resolved        'acorn-dynamic-import': '^2.0.0',
53 silly install resolved        ajv: '^4.7.0',
53 silly install resolved        'ajv-keywords': '^1.1.1',
53 silly install resolved        async: '^2.1.2',
53 silly install resolved        'enhanced-resolve': '^3.0.0',
53 silly install resolved        interpret: '^1.0.0',
53 silly install resolved        'json-loader': '^0.5.4',
53 silly install resolved        'loader-runner': '^2.3.0',
53 silly install resolved        'loader-utils': '^0.2.16',
53 silly install resolved        'memory-fs': '~0.4.1',
53 silly install resolved        mkdirp: '~0.5.0',
53 silly install resolved        'node-libs-browser': '^2.0.0',
53 silly install resolved        'source-map': '^0.5.3',
53 silly install resolved        'supports-color': '^3.1.0',
53 silly install resolved        tapable: '~0.2.5',
53 silly install resolved        'uglify-js': '^2.7.5',
53 silly install resolved        watchpack: '^1.2.0',
53 silly install resolved        'webpack-sources': '^0.1.4',
53 silly install resolved        yargs: '^6.0.0' },
53 silly install resolved     license: 'MIT',
53 silly install resolved     devDependencies:
53 silly install resolved      { 'beautify-lint': '^1.0.3',
53 silly install resolved        benchmark: '^2.1.1',
53 silly install resolved        'bundle-loader': '~0.5.0',
53 silly install resolved        'codecov.io': '^0.1.2',
53 silly install resolved        'coffee-loader': '~0.7.1',
53 silly install resolved        'coffee-script': '^1.10.0',
53 silly install resolved        coveralls: '^2.11.2',
53 silly install resolved        'css-loader': '~0.25.0',
53 silly install resolved        'es6-promise-polyfill': '^1.1.1',
53 silly install resolved        eslint: '3.12.2',
53 silly install resolved        'eslint-plugin-node': '^3.0.5',
53 silly install resolved        express: '~4.13.1',
53 silly install resolved        'extract-text-webpack-plugin': '^2.0.0-beta',
53 silly install resolved        'file-loader': '~0.9.0',
53 silly install resolved        'i18n-webpack-plugin': '^0.3.0',
53 silly install resolved        istanbul: '^0.4.5',
53 silly install resolved        jade: '^1.11.0',
53 silly install resolved        'jade-loader': '~0.8.0',
53 silly install resolved        'js-beautify': '^1.5.10',
53 silly install resolved        less: '^2.5.1',
53 silly install resolved        'less-loader': '^2.0.0',
53 silly install resolved        lodash: '^4.17.4',
53 silly install resolved        mocha: '^3.2.0',
53 silly install resolved        'mocha-lcov-reporter': '^1.0.0',
53 silly install resolved        nsp: '^2.6.1',
53 silly install resolved        'raw-loader': '~0.5.0',
53 silly install resolved        react: '^15.2.1',
53 silly install resolved        'react-dom': '^15.2.1',
53 silly install resolved        'script-loader': '~0.7.0',
53 silly install resolved        should: '^11.1.1',
53 silly install resolved        'simple-git': '^1.65.0',
53 silly install resolved        sinon: '^1.17.7',
53 silly install resolved        'style-loader': '~0.13.0',
53 silly install resolved        'url-loader': '~0.5.0',
53 silly install resolved        'val-loader': '~0.5.0',
53 silly install resolved        'vm-browserify': '~0.0.0',
53 silly install resolved        'webpack-dev-middleware': '^1.9.0',
53 silly install resolved        'worker-loader': '~0.7.0' },
53 silly install resolved     engines: { node: '>=4.3.0 <5.0.0 || >=5.10' },
53 silly install resolved     repository:
53 silly install resolved      { type: 'git',
53 silly install resolved        url: 'git+https://github.com/webpack/webpack.git' },
53 silly install resolved     homepage: 'https://github.com/webpack/webpack',
53 silly install resolved     main: 'lib/webpack.js',
53 silly install resolved     web: 'lib/webpack.web.js',
53 silly install resolved     bin: { webpack: './bin/webpack.js' },
53 silly install resolved     files: [ 'lib/', 'bin/', 'buildin/', 'hot/', 'web_modules/', 'schemas/' ],
53 silly install resolved     scripts:
53 silly install resolved      { test: 'mocha test/*.test.js --harmony --check-leaks',
53 silly install resolved        'travis:test': 'npm run cover:min',
53 silly install resolved        'travis:lint': 'npm run lint-files && npm run nsp',
53 silly install resolved        'travis:benchmark': 'npm run benchmark',
53 silly install resolved        'appveyor:test': 'node --max_old_space_size=4096 node_modules\\mocha\\bin\\mocha --harmony test/*.test.js',
53 silly install resolved        'appveyor:benchmark': 'npm run benchmark',
53 silly install resolved        'build:examples': 'cd examples && node buildAll.js',
53 silly install resolved        pretest: 'npm run lint-files',
53 silly install resolved        'lint-files': 'npm run lint && npm run beautify-lint',
53 silly install resolved        lint: 'eslint lib bin hot buildin test/**/webpack.config.js test/binCases/**/test.js examples/**/webpack.config.js',
53 silly install resolved        'beautify-lint': 'beautify-lint \'lib/**/*.js\' \'hot/**/*.js\' \'bin/**/*.js\' \'benchmark/*.js\' \'test/*.js\'',
53 silly install resolved        nsp: 'nsp check --output summary',
53 silly install resolved        benchmark: 'mocha test/*.benchmark.js --harmony -R spec',
53 silly install resolved        cover: 'node --harmony ./node_modules/istanbul/lib/cli.js cover -x \'**/*.runtime.js\' node_modules/mocha/bin/_mocha -- test/*.test.js',
53 silly install resolved        'cover:min': 'node --harmony ./node_modules/.bin/istanbul cover -x \'**/*.runtime.js\' --report lcovonly node_modules/mocha/bin/_mocha -- test/*.test.js',
53 silly install resolved        'publish-patch': 'npm run lint && npm run beautify-lint && mocha && npm version patch && git push && git push --tags && npm publish' },
53 silly install resolved     gitHead: '0445b156d2c958536b72036e68ca6bde0ad32055',
53 silly install resolved     bugs: { url: 'https://github.com/webpack/webpack/issues' },
53 silly install resolved     _id: 'webpack@2.2.1',
53 silly install resolved     _shasum: '7bb1d72ae2087dd1a4af526afec15eed17dda475',
53 silly install resolved     _from: 'webpack@latest',
53 silly install resolved     _npmVersion: '4.0.5',
53 silly install resolved     _nodeVersion: '7.4.0',
53 silly install resolved     _npmUser: { name: 'sokra', email: 'tobias.koppers@googlemail.com' },
53 silly install resolved     dist:
53 silly install resolved      { shasum: '7bb1d72ae2087dd1a4af526afec15eed17dda475',
53 silly install resolved        tarball: 'https://registry.npmjs.org/webpack/-/webpack-2.2.1.tgz' },
53 silly install resolved     maintainers: [ [Object], [Object], [Object] ],
53 silly install resolved     _npmOperationalInternal:
53 silly install resolved      { host: 'packages-12-west.internal.npmjs.com',
53 silly install resolved        tmp: 'tmp/webpack-2.2.1.tgz_1485810809909_0.843520789872855' },
53 silly install resolved     directories: {},
53 silly install resolved     _resolved: 'https://registry.npmjs.org/webpack/-/webpack-2.2.1.tgz' } ]
54 info install webpack@2.2.1 into /usr/local/lib
55 info installOne webpack@2.2.1
56 verbose installOne of webpack to /usr/local/lib not in flight; installing
57 verbose correctMkdir /Users/daijinming/.npm/_locks correctMkdir not in flight; initializing
58 verbose lock using /Users/daijinming/.npm/_locks/webpack-865c90cad072eb35.lock for /usr/local/lib/node_modules/webpack
59 silly install write writing webpack 2.2.1 to /usr/local/lib/node_modules/webpack
60 verbose unbuild lib/node_modules/webpack
61 silly gentlyRm /usr/local/lib/node_modules/webpack is being purged from base /usr/local
62 verbose gentlyRm don't care about contents; nuking /usr/local/lib/node_modules/webpack
63 verbose tar unpack /Users/daijinming/.npm/webpack/2.2.1/package.tgz
64 verbose tar unpacking to /usr/local/lib/node_modules/webpack
65 silly gentlyRm /usr/local/lib/node_modules/webpack is being purged
66 verbose gentlyRm don't care about contents; nuking /usr/local/lib/node_modules/webpack
67 silly gunzTarPerm modes [ '755', '644' ]
68 error tar.unpack untar error /Users/daijinming/.npm/webpack/2.2.1/package.tgz
69 verbose unlock done using /Users/daijinming/.npm/_locks/webpack-865c90cad072eb35.lock for /usr/local/lib/node_modules/webpack
70 verbose fstream_path /usr/local/lib/node_modules/webpack
71 verbose fstream_type Directory
72 verbose fstream_class DirWriter
73 verbose stack Error: EACCES: permission denied, mkdir '/usr/local/lib/node_modules/webpack'
73 verbose stack     at Error (native)
74 verbose fstream_stack /usr/local/lib/node_modules/npm/node_modules/fstream/lib/dir-writer.js:35:25
74 verbose fstream_stack /usr/local/lib/node_modules/npm/node_modules/mkdirp/index.js:47:53
74 verbose fstream_stack FSReqWrap.oncomplete (fs.js:82:15)
75 verbose cwd /Users/daijinming/Documents/Workspace/Sobot/webpackTest
76 error Darwin 16.1.0
77 error argv "/usr/local/bin/node" "/usr/local/bin/npm" "install" "webpack" "-g"
78 error node v4.4.4
79 error npm  v2.15.1
80 error path /usr/local/lib/node_modules/webpack
81 error code EACCES
82 error errno -13
83 error syscall mkdir
84 error Error: EACCES: permission denied, mkdir '/usr/local/lib/node_modules/webpack'
84 error     at Error (native)
84 error  { [Error: EACCES: permission denied, mkdir '/usr/local/lib/node_modules/webpack']
84 error   errno: -13,
84 error   code: 'EACCES',
84 error   syscall: 'mkdir',
84 error   path: '/usr/local/lib/node_modules/webpack',
84 error   fstream_type: 'Directory',
84 error   fstream_path: '/usr/local/lib/node_modules/webpack',
84 error   fstream_class: 'DirWriter',
84 error   fstream_stack:
84 error    [ '/usr/local/lib/node_modules/npm/node_modules/fstream/lib/dir-writer.js:35:25',
84 error      '/usr/local/lib/node_modules/npm/node_modules/mkdirp/index.js:47:53',
84 error      'FSReqWrap.oncomplete (fs.js:82:15)' ] }
85 error Please try running this command again as root/Administrator.
86 verbose exit [ -13, true ]
87 verbose unbuild lib/node_modules/webpack
88 silly gentlyRm /usr/local/lib/node_modules/webpack is being purged from base /usr/local
89 verbose gentlyRm don't care about contents; nuking /usr/local/lib/node_modules/webpack
